


Processing MainController#index (for 127.0.0.1 at 2010-12-14 22:24:46) [GET]

ActionView::MissingTemplate (Missing template main/index.erb in view path app/views):
  

Rendering rescues/layout (internal_server_error)


Processing MainController#index (for 127.0.0.1 at 2010-12-14 22:26:34) [GET]
Rendering template within layouts/application
Rendering main/index

ActionView::TemplateError (Illegal nesting: nesting within plain text is illegal.) on line #2 of app/views/layouts/application.html.haml:
1: <!DOCTYPE html PUBLIC "-//W3C//DTD XHTML 1.0 Transitional//EN"
2:         "http://www.w3.org/TR/xhtml1/DTD/xhtml1-transitional.dtd">
3: :html
4:   :head
5:     

    app/views/layouts/application.html.haml:2
    haml (3.0.21) lib/haml/precompiler.rb:354:in `push_plain'
    haml (3.0.21) lib/haml/precompiler.rb:278:in `process_line'
    haml (3.0.21) lib/haml/precompiler.rb:178:in `precompile'
    haml (3.0.21) lib/haml/engine.rb:121:in `initialize'
    haml (3.0.21) rails/./lib/haml/template/plugin.rb:29:in `new'
    haml (3.0.21) rails/./lib/haml/template/plugin.rb:29:in `compile'
    haml (3.0.21) rails/./lib/haml/helpers/action_view_mods.rb:13:in `render'
    haml (3.0.21) rails/./lib/haml/helpers/action_view_mods.rb:13:in `render'
    haml (3.0.21) rails/./lib/sass/plugin/rack.rb:41:in `call'

Rendered rescues/_trace (46.0ms)
Rendered rescues/_request_and_response (1.1ms)
Rendering rescues/layout (internal_server_error)


Processing MainController#index (for 127.0.0.1 at 2010-12-14 22:27:00) [GET]
Rendering template within layouts/application
Rendering main/index

ActionView::TemplateError (Filter "html" is not defined.) on line #2 of app/views/layouts/application.html.haml:
1: <!DOCTYPE html PUBLIC "-//W3C//DTD XHTML 1.0 Transitional//EN" "http://www.w3.org/TR/xhtml1/DTD/xhtml1-transitional.dtd">
2: :html
3:   :head
4:     
5:   :body

    app/views/layouts/application.html.haml:2
    haml (3.0.21) lib/haml/precompiler.rb:916:in `start_filtered'
    haml (3.0.21) lib/haml/precompiler.rb:269:in `process_line'
    haml (3.0.21) lib/haml/precompiler.rb:178:in `precompile'
    haml (3.0.21) lib/haml/engine.rb:121:in `initialize'
    haml (3.0.21) rails/./lib/haml/template/plugin.rb:29:in `new'
    haml (3.0.21) rails/./lib/haml/template/plugin.rb:29:in `compile'
    haml (3.0.21) rails/./lib/haml/helpers/action_view_mods.rb:13:in `render'
    haml (3.0.21) rails/./lib/haml/helpers/action_view_mods.rb:13:in `render'
    haml (3.0.21) rails/./lib/sass/plugin/rack.rb:41:in `call'

Rendered rescues/_trace (41.0ms)
Rendered rescues/_request_and_response (0.3ms)
Rendering rescues/layout (internal_server_error)


Processing MainController#index (for 127.0.0.1 at 2010-12-14 22:27:13) [GET]
Rendering template within layouts/application
Rendering main/index

ActionView::TemplateError (Inconsistent indentation: 5 spaces were used for indentation, but the rest of the document was indented using 2 spaces.) on line #7 of app/views/layouts/application.html.haml:
4:     
5:   %body
6:     #header
7:      %h1 LAAME! 

    app/views/layouts/application.html.haml:7
    haml (3.0.21) lib/haml/precompiler.rb:152:in `tabs'
    haml (3.0.21) lib/haml/precompiler.rb:134:in `instance_eval'
    haml (3.0.21) lib/haml/precompiler.rb:134:in `tabs'
    haml (3.0.21) lib/haml/precompiler.rb:1041:in `block_opened?'
    haml (3.0.21) lib/haml/precompiler.rb:769:in `render_tag'
    haml (3.0.21) lib/haml/precompiler.rb:838:in `render_div'
    haml (3.0.21) lib/haml/precompiler.rb:213:in `process_line'
    haml (3.0.21) lib/haml/precompiler.rb:178:in `precompile'
    haml (3.0.21) lib/haml/engine.rb:121:in `initialize'
    haml (3.0.21) rails/./lib/haml/template/plugin.rb:29:in `new'
    haml (3.0.21) rails/./lib/haml/template/plugin.rb:29:in `compile'
    haml (3.0.21) rails/./lib/haml/helpers/action_view_mods.rb:13:in `render'
    haml (3.0.21) rails/./lib/haml/helpers/action_view_mods.rb:13:in `render'
    haml (3.0.21) rails/./lib/sass/plugin/rack.rb:41:in `call'

Rendered rescues/_trace (105.0ms)
Rendered rescues/_request_and_response (0.3ms)
Rendering rescues/layout (internal_server_error)


Processing MainController#index (for 127.0.0.1 at 2010-12-14 22:27:21) [GET]
Rendering template within layouts/application
Rendering main/index

ActionView::TemplateError (Inconsistent indentation: 5 spaces were used for indentation, but the rest of the document was indented using 2 spaces.) on line #6 of app/views/layouts/application.html.haml:
3:   %head
4:   %body
5:     #header
6:      %h1 LAAME! 

    app/views/layouts/application.html.haml:6
    haml (3.0.21) lib/haml/precompiler.rb:152:in `tabs'
    haml (3.0.21) lib/haml/precompiler.rb:134:in `instance_eval'
    haml (3.0.21) lib/haml/precompiler.rb:134:in `tabs'
    haml (3.0.21) lib/haml/precompiler.rb:1041:in `block_opened?'
    haml (3.0.21) lib/haml/precompiler.rb:769:in `render_tag'
    haml (3.0.21) lib/haml/precompiler.rb:838:in `render_div'
    haml (3.0.21) lib/haml/precompiler.rb:213:in `process_line'
    haml (3.0.21) lib/haml/precompiler.rb:178:in `precompile'
    haml (3.0.21) lib/haml/engine.rb:121:in `initialize'
    haml (3.0.21) rails/./lib/haml/template/plugin.rb:29:in `new'
    haml (3.0.21) rails/./lib/haml/template/plugin.rb:29:in `compile'
    haml (3.0.21) rails/./lib/haml/helpers/action_view_mods.rb:13:in `render'
    haml (3.0.21) rails/./lib/haml/helpers/action_view_mods.rb:13:in `render'
    haml (3.0.21) rails/./lib/sass/plugin/rack.rb:41:in `call'

Rendered rescues/_trace (103.6ms)
Rendered rescues/_request_and_response (0.3ms)
Rendering rescues/layout (internal_server_error)


Processing MainController#index (for 127.0.0.1 at 2010-12-14 22:27:30) [GET]
Rendering template within layouts/application
Rendering main/index
Completed in 7ms (View: 5, DB: 0) | 200 OK [http://akim.yellowpages.com/]


Processing MainController#index (for 127.0.0.1 at 2010-12-14 22:28:29) [GET]
Rendering template within layouts/application
Rendering main/index
Completed in 10ms (View: 8, DB: 0) | 200 OK [http://akim.yellowpages.com/]


Processing MainController#index (for 127.0.0.1 at 2010-12-14 22:28:44) [GET]
Rendering template within layouts/application
Rendering main/index
Completed in 2ms (View: 1, DB: 0) | 200 OK [http://akim.yellowpages.com/]


Processing MainController#index (for 127.0.0.1 at 2010-12-14 22:28:50) [GET]
Rendering template within layouts/application
Rendering main/index
Completed in 2ms (View: 1, DB: 0) | 200 OK [http://akim.yellowpages.com/]


Processing MainController#index (for 127.0.0.1 at 2010-12-14 22:29:37) [GET]
Rendering template within layouts/application
Rendering main/index
Completed in 3ms (View: 2, DB: 0) | 200 OK [http://akim.yellowpages.com/]


Processing MainController#index (for 127.0.0.1 at 2010-12-14 22:29:47) [GET]
Rendering template within layouts/application
Rendering main/index
Completed in 3ms (View: 1, DB: 0) | 200 OK [http://akim.yellowpages.com/]


Processing MainController#index (for 127.0.0.1 at 2010-12-14 22:30:08) [GET]
Rendering template within layouts/application
Rendering main/index
Completed in 3ms (View: 1, DB: 0) | 200 OK [http://akim.yellowpages.com/]


Processing MainController#index (for 127.0.0.1 at 2010-12-14 22:30:22) [GET]
Rendering template within layouts/application
Rendering main/index
Completed in 2ms (View: 1, DB: 0) | 200 OK [http://akim.yellowpages.com/]


Processing MainController#index (for 127.0.0.1 at 2010-12-14 22:30:22) [GET]
Rendering template within layouts/application
Rendering main/index
Completed in 2ms (View: 1, DB: 0) | 200 OK [http://akim.yellowpages.com/]


Processing MainController#index (for 127.0.0.1 at 2010-12-14 22:30:23) [GET]
Rendering template within layouts/application
Rendering main/index
Completed in 2ms (View: 1, DB: 0) | 200 OK [http://akim.yellowpages.com/]


Processing MainController#index (for 127.0.0.1 at 2010-12-14 22:30:52) [GET]
Rendering template within layouts/application
Rendering main/index
Completed in 2ms (View: 1, DB: 0) | 200 OK [http://akim.yellowpages.com/]


Processing MainController#index (for 127.0.0.1 at 2010-12-14 22:31:38) [GET]
Rendering template within layouts/application
Rendering main/index
Completed in 2ms (View: 1, DB: 0) | 200 OK [http://akim.yellowpages.com/]


Processing MainController#index (for 127.0.0.1 at 2010-12-14 22:32:12) [GET]
Rendering template within layouts/application
Rendering main/index
Completed in 2ms (View: 1, DB: 0) | 200 OK [http://akim.yellowpages.com/]


Processing MainController#index (for 127.0.0.1 at 2010-12-14 22:32:47) [GET]
Rendering template within layouts/application
Rendering main/index
Completed in 2ms (View: 1, DB: 0) | 200 OK [http://akim.yellowpages.com/]


Processing MainController#index (for 127.0.0.1 at 2010-12-14 22:34:59) [GET]
Rendering template within layouts/application
Rendering main/index
Completed in 2ms (View: 1, DB: 0) | 200 OK [http://akim.yellowpages.com/]


Processing MainController#index (for 127.0.0.1 at 2010-12-14 22:40:47) [GET]
Rendering template within layouts/application
Rendering main/index
Completed in 2ms (View: 1, DB: 0) | 200 OK [http://akim.yellowpages.com/]


Processing MainController#index (for 127.0.0.1 at 2010-12-14 22:42:05) [GET]
Rendering template within layouts/application
Rendering main/index
Completed in 2ms (View: 1, DB: 0) | 200 OK [http://akim.yellowpages.com/]


Processing MainController#index (for 127.0.0.1 at 2010-12-14 22:43:09) [GET]
Rendering template within layouts/application
Rendering main/index
Completed in 7ms (View: 5, DB: 0) | 200 OK [http://akim.yellowpages.com/]


Processing MainController#index (for 127.0.0.1 at 2010-12-14 22:43:52) [GET]
Rendering template within layouts/application
Rendering main/index
Completed in 2ms (View: 1, DB: 0) | 200 OK [http://akim.yellowpages.com/]


Processing MainController#index (for 127.0.0.1 at 2010-12-14 22:44:15) [GET]
Rendering template within layouts/application
Rendering main/index
Completed in 2ms (View: 1, DB: 0) | 200 OK [http://akim.yellowpages.com/]


Processing MainController#index (for 127.0.0.1 at 2010-12-14 22:44:42) [GET]
Rendering template within layouts/application
Rendering main/index
Completed in 5ms (View: 4, DB: 0) | 200 OK [http://akim.yellowpages.com/]


Processing MainController#index (for 127.0.0.1 at 2010-12-14 22:45:10) [GET]
Rendering template within layouts/application
Rendering main/index
Completed in 2ms (View: 1, DB: 0) | 200 OK [http://akim.yellowpages.com/]


Processing MainController#index (for 127.0.0.1 at 2010-12-14 22:45:11) [GET]
Rendering template within layouts/application
Rendering main/index
Completed in 2ms (View: 1, DB: 0) | 200 OK [http://akim.yellowpages.com/]


Processing MainController#index (for 127.0.0.1 at 2010-12-14 22:45:35) [GET]
Rendering template within layouts/application
Rendering main/index
Completed in 2ms (View: 1, DB: 0) | 200 OK [http://akim.yellowpages.com/]


Processing MainController#index (for 127.0.0.1 at 2010-12-14 22:46:04) [GET]
Rendering template within layouts/application
Rendering main/index
Completed in 6ms (View: 5, DB: 0) | 200 OK [http://akim.yellowpages.com/]


Processing MainController#index (for 127.0.0.1 at 2010-12-14 22:46:20) [GET]
Rendering template within layouts/application
Rendering main/index
Completed in 6ms (View: 5, DB: 0) | 200 OK [http://akim.yellowpages.com/]


Processing MainController#index (for 127.0.0.1 at 2010-12-14 22:47:19) [GET]
Rendering template within layouts/application
Rendering main/index
Completed in 2ms (View: 1, DB: 0) | 200 OK [http://akim.yellowpages.com/]


Processing MainController#index (for 127.0.0.1 at 2010-12-14 22:51:04) [GET]
Rendering template within layouts/application
Rendering main/index
Completed in 6ms (View: 5, DB: 0) | 200 OK [http://akim.yellowpages.com/]


Processing MainController#index (for 127.0.0.1 at 2010-12-14 22:51:13) [GET]
Rendering template within layouts/application
Rendering main/index
Completed in 2ms (View: 1, DB: 0) | 200 OK [http://akim.yellowpages.com/]


Processing MainController#index (for 127.0.0.1 at 2010-12-14 22:51:18) [GET]
Rendering template within layouts/application
Rendering main/index
Completed in 2ms (View: 1, DB: 0) | 200 OK [http://akim.yellowpages.com/]


Processing MainController#index (for 127.0.0.1 at 2010-12-14 22:52:55) [GET]
Rendering template within layouts/application
Rendering main/index
Completed in 12ms (View: 10, DB: 0) | 200 OK [http://akim.yellowpages.com/]


Processing MainController#index (for 127.0.0.1 at 2010-12-14 22:53:19) [GET]
Rendering template within layouts/application
Rendering main/index
Completed in 2ms (View: 1, DB: 0) | 200 OK [http://akim.yellowpages.com/]


Processing MainController#index (for 127.0.0.1 at 2010-12-14 22:53:31) [GET]
Rendering template within layouts/application
Rendering main/index
Completed in 3ms (View: 1, DB: 0) | 200 OK [http://akim.yellowpages.com/]


Processing MainController#index (for 127.0.0.1 at 2010-12-14 22:56:13) [GET]
Rendering template within layouts/application
Rendering main/index
Completed in 7ms (View: 6, DB: 0) | 200 OK [http://akim.yellowpages.com/]


Processing MainController#index (for 127.0.0.1 at 2010-12-14 22:56:59) [GET]
Rendering template within layouts/application
Rendering main/index
Completed in 2ms (View: 1, DB: 0) | 200 OK [http://akim.yellowpages.com/]


Processing MainController#index (for 127.0.0.1 at 2010-12-14 22:57:20) [GET]
Rendering template within layouts/application
Rendering main/index
Completed in 3ms (View: 1, DB: 0) | 200 OK [http://akim.yellowpages.com/]


Processing MainController#index (for 127.0.0.1 at 2010-12-14 22:57:29) [GET]
Rendering template within layouts/application
Rendering main/index
Completed in 2ms (View: 1, DB: 0) | 200 OK [http://akim.yellowpages.com/]


Processing MainController#index (for 127.0.0.1 at 2010-12-14 22:57:51) [GET]
Rendering template within layouts/application
Rendering main/index
Completed in 2ms (View: 1, DB: 0) | 200 OK [http://akim.yellowpages.com/]


Processing MainController#index (for 127.0.0.1 at 2010-12-14 22:58:04) [GET]
Rendering template within layouts/application
Rendering main/index
Completed in 2ms (View: 1, DB: 0) | 200 OK [http://akim.yellowpages.com/]


Processing MainController#index (for 127.0.0.1 at 2010-12-14 22:58:11) [GET]
Rendering template within layouts/application
Rendering main/index
Completed in 2ms (View: 1, DB: 0) | 200 OK [http://akim.yellowpages.com/]


Processing MainController#index (for 127.0.0.1 at 2010-12-14 22:58:22) [GET]
Rendering template within layouts/application
Rendering main/index
Completed in 3ms (View: 1, DB: 0) | 200 OK [http://akim.yellowpages.com/]
